*** Starting uWSGI 2.0.18 (64bit) on [Thu Apr  2 16:21:17 2020] ***
compiled with version: 7.5.0 on 02 April 2020 04:26:29
os: Linux-5.3.0-42-generic #34~18.04.1-Ubuntu SMP Fri Feb 28 13:42:26 UTC 2020
nodename: tedu
machine: x86_64
clock source: unix
detected number of CPU cores: 4
current working directory: /home/tarena/month3/day07/mysite7/mysite7
writing pidfile to uwsgi.pid
detected binary path: /usr/local/bin/uwsgi
!!! no internal routing support, rebuild with pcre support !!!
uWSGI running as root, you can use --uid/--gid/--chroot options
*** WARNING: you are running uWSGI as root !!! (use the --uid flag) *** 
chdir() to /home/tarena/month3/day07/mysite7
your processes number limit is 15449
your memory page size is 4096 bytes
detected max file descriptor number: 1024
lock engine: pthread robust mutexes
thunder lock: disabled (you can enable it with --thunder-lock)
uWSGI http bound on 127.0.0.1:8000 fd 4
uwsgi socket 0 bound to TCP address 127.0.0.1:37625 (port auto-assigned) fd 3
uWSGI running as root, you can use --uid/--gid/--chroot options
*** WARNING: you are running uWSGI as root !!! (use the --uid flag) *** 
Python version: 3.6.9 (default, Nov  7 2019, 10:44:02)  [GCC 8.3.0]
Python main interpreter initialized at 0x55de5c723a60
uWSGI running as root, you can use --uid/--gid/--chroot options
*** WARNING: you are running uWSGI as root !!! (use the --uid flag) *** 
python threads support enabled
your server socket listen backlog is limited to 100 connections
your mercy for graceful operations on workers is 60 seconds
mapped 166752 bytes (162 KB) for 2 cores
*** Operational MODE: threaded ***
WSGI app 0 (mountpoint='') ready in 1 seconds on interpreter 0x55de5c723a60 pid: 17851 (default app)
uWSGI running as root, you can use --uid/--gid/--chroot options
*** WARNING: you are running uWSGI as root !!! (use the --uid flag) *** 
*** uWSGI is running in multiple interpreter mode ***
spawned uWSGI master process (pid: 17851)
spawned uWSGI worker 1 (pid: 17853, cores: 2)
spawned uWSGI http 1 (pid: 17854)
这是 MyMw3 的 process_request 被调用
Not Found: /
[pid: 17853|app: 0|req: 1/1] 127.0.0.1 () {38 vars in 695 bytes} [Thu Apr  2 16:23:51 2020] GET / => generated 2457 bytes in 79 msecs (HTTP/1.1 404) 3 headers in 102 bytes (1 switches on core 0)
这是 MyMw3 的 process_request 被调用
Not Found: /t
[pid: 17853|app: 0|req: 2/2] 127.0.0.1 () {38 vars in 697 bytes} [Thu Apr  2 16:24:04 2020] GET /t => generated 2478 bytes in 8 msecs (HTTP/1.1 404) 3 headers in 102 bytes (1 switches on core 1)
这是 MyMw3 的 process_request 被调用
[pid: 17853|app: 0|req: 3/3] 127.0.0.1 () {38 vars in 703 bytes} [Thu Apr  2 16:24:09 2020] GET /page => generated 567 bytes in 62 msecs (HTTP/1.1 200) 3 headers in 109 bytes (1 switches on core 0)
这是 MyMw3 的 process_request 被调用
Not Found: /
[pid: 17853|app: 0|req: 4/4] 127.0.0.1 () {38 vars in 694 bytes} [Thu Apr  2 18:00:20 2020] GET / => generated 2457 bytes in 24 msecs (HTTP/1.1 404) 3 headers in 102 bytes (1 switches on core 1)
这是 MyMw3 的 process_request 被调用
Not Found: /
[pid: 17853|app: 0|req: 5/5] 127.0.0.1 () {38 vars in 695 bytes} [Thu Apr  2 18:00:29 2020] GET / => generated 2457 bytes in 8 msecs (HTTP/1.1 404) 3 headers in 102 bytes (1 switches on core 0)
这是 MyMw3 的 process_request 被调用
[pid: 17853|app: 0|req: 6/6] 127.0.0.1 () {38 vars in 703 bytes} [Thu Apr  2 18:00:57 2020] GET /page => generated 567 bytes in 14 msecs (HTTP/1.1 200) 3 headers in 109 bytes (1 switches on core 1)
这是 MyMw3 的 process_request 被调用
[pid: 17853|app: 0|req: 7/7] 127.0.0.1 () {40 vars in 758 bytes} [Thu Apr  2 18:01:01 2020] GET /page?page=2 => generated 594 bytes in 9 msecs (HTTP/1.1 200) 3 headers in 109 bytes (1 switches on core 0)
这是 MyMw3 的 process_request 被调用
[pid: 17853|app: 0|req: 8/8] 127.0.0.1 () {40 vars in 765 bytes} [Thu Apr  2 18:01:02 2020] GET /page?page=3 => generated 537 bytes in 7 msecs (HTTP/1.1 200) 3 headers in 109 bytes (1 switches on core 1)
SIGINT/SIGQUIT received...killing workers...
gateway "uWSGI http 1" has been buried (pid: 17854)
worker 1 buried after 1 seconds
goodbye to uWSGI.
